<?xml version="1.0" encoding="UTF-8"?>
<testsuite xmlns:xsi="http://www.w3.org/2001/XMLSchema-instance" xsi:noNamespaceSchemaLocation="https://maven.apache.org/surefire/maven-surefire-plugin/xsd/surefire-test-report.xsd" name="rest.LoginEndpointTest" time="7.317" tests="9" errors="0" skipped="0" failures="0">
  <properties>
[...]
</properties>
  <testcase name="testAutorizedAdminCannotAccesUserPage" classname="rest.LoginEndpointTest" time="2.278"/>
  <testcase name="testRestForMultiRole1" classname="rest.LoginEndpointTest" time="0.483"/>
  <testcase name="testRestForMultiRole2" classname="rest.LoginEndpointTest" time="0.458"/>
  <testcase name="adminNotAuthenticated" classname="rest.LoginEndpointTest" time="0.381"/>
  <testcase name="testAutorizedUserCannotAccesAdminPage" classname="rest.LoginEndpointTest" time="0.586"/>
  <testcase name="userNotAuthenticated" classname="rest.LoginEndpointTest" time="0.309"/>
  <testcase name="testRestForUser" classname="rest.LoginEndpointTest" time="0.491"/>
  <testcase name="testRestForAdmin" classname="rest.LoginEndpointTest" time="0.465"/>
  <testcase name="serverIsRunning" classname="rest.LoginEndpointTest" time="0.342"/>
</testsuite>